Using pre-set license
Built from '2021.3/staging' branch; Version is '2021.3.6f1 (7da38d85baf6) revision 8233869'; Using compiler version '192829333'; Build Type 'Release'
OS: 'Windows 11  (10.0.26100) 64bit Enterprise' Language: 'en' Physical Memory: 64881 MB
BatchMode: 1, IsHumanControllingUs: 0, StartBugReporterOnCrash: 0, Is64bit: 1, IsPro: 1

COMMAND LINE ARGUMENTS:
C:\Program Files\Unity\Hub\Editor\2021.3.6f1\Editor\Unity.exe
-adb2
-batchMode
-noUpm
-name
AssetImportWorker0
-projectPath
C:/Art Tech Lab/Real-Time-Black-Hole-main/workingFile/Blackhole_ArtTechLab/Black Hole Visualisation
-logFile
Logs/AssetImportWorker0.log
-srvPort
53229
Successfully changed project path to: C:/Art Tech Lab/Real-Time-Black-Hole-main/workingFile/Blackhole_ArtTechLab/Black Hole Visualisation
C:/Art Tech Lab/Real-Time-Black-Hole-main/workingFile/Blackhole_ArtTechLab/Black Hole Visualisation
[UnityMemory] Configuration Parameters - Can be set up in boot.config
    "memorysetup-bucket-allocator-granularity=16"
    "memorysetup-bucket-allocator-bucket-count=8"
    "memorysetup-bucket-allocator-block-size=33554432"
    "memorysetup-bucket-allocator-block-count=8"
    "memorysetup-main-allocator-block-size=16777216"
    "memorysetup-thread-allocator-block-size=16777216"
    "memorysetup-gfx-main-allocator-block-size=16777216"
    "memorysetup-gfx-thread-allocator-block-size=16777216"
    "memorysetup-cache-allocator-block-size=4194304"
    "memorysetup-typetree-allocator-block-size=2097152"
    "memorysetup-profiler-bucket-allocator-granularity=16"
    "memorysetup-profiler-bucket-allocator-bucket-count=8"
    "memorysetup-profiler-bucket-allocator-block-size=33554432"
    "memorysetup-profiler-bucket-allocator-block-count=8"
    "memorysetup-profiler-allocator-block-size=16777216"
    "memorysetup-profiler-editor-allocator-block-size=1048576"
    "memorysetup-temp-allocator-size-main=16777216"
    "memorysetup-job-temp-allocator-block-size=2097152"
    "memorysetup-job-temp-allocator-block-size-background=1048576"
    "memorysetup-job-temp-allocator-reduction-small-platforms=262144"
    "memorysetup-temp-allocator-size-background-worker=32768"
    "memorysetup-temp-allocator-size-job-worker=262144"
    "memorysetup-temp-allocator-size-preload-manager=33554432"
    "memorysetup-temp-allocator-size-nav-mesh-worker=65536"
    "memorysetup-temp-allocator-size-audio-worker=65536"
    "memorysetup-temp-allocator-size-cloud-worker=32768"
    "memorysetup-temp-allocator-size-gi-baking-worker=262144"
    "memorysetup-temp-allocator-size-gfx=262144"
Refreshing native plugins compatible for Editor in 69.61 ms, found 4 plugins.
Plugins: Failed to load 'C:/Art Tech Lab/Real-Time-Black-Hole-main/workingFile/Blackhole_ArtTechLab/Black Hole Visualisation/Library/PackageCache/com.stereolabs.zed@52572e132b/SDK/Plugins/x86_64/sl_unitywrapper.dll' with error 'The specified procedure could not be found.
'.
Preloading 1 native plugins for Editor in 14.96 ms.
Initialize engine version: 2021.3.6f1 (7da38d85baf6)
[Subsystems] Discovering subsystems at path C:/Program Files/Unity/Hub/Editor/2021.3.6f1/Editor/Data/Resources/UnitySubsystems
[Subsystems] Discovering subsystems at path C:/Art Tech Lab/Real-Time-Black-Hole-main/workingFile/Blackhole_ArtTechLab/Black Hole Visualisation/Assets
GfxDevice: creating device client; threaded=0; jobified=0
Direct3D:
    Version:  Direct3D 11.0 [level 11.1]
    Renderer: NVIDIA GeForce RTX 5090 Laptop GPU (ID=0x2c58)
    Vendor:   NVIDIA
    VRAM:     24051 MB
    Driver:   32.0.15.7680
Initialize mono
Mono path[0] = 'C:/Program Files/Unity/Hub/Editor/2021.3.6f1/Editor/Data/Managed'
Mono path[1] = 'C:/Program Files/Unity/Hub/Editor/2021.3.6f1/Editor/Data/MonoBleedingEdge/lib/mono/unityjit-win32'
Mono config path = 'C:/Program Files/Unity/Hub/Editor/2021.3.6f1/Editor/Data/MonoBleedingEdge/etc'
Using monoOptions --debugger-agent=transport=dt_socket,embedding=1,server=y,suspend=n,address=127.0.0.1:56404
Begin MonoManager ReloadAssembly
Registering precompiled unity dll's ...
Register platform support module: C:/Program Files/Unity/Hub/Editor/2021.3.6f1/Editor/Data/PlaybackEngines/WindowsStandaloneSupport/UnityEditor.WindowsStandalone.Extensions.dll
Registered in 0.007946 seconds.
Native extension for WindowsStandalone target not found
Refreshing native plugins compatible for Editor in 48.85 ms, found 4 plugins.
Plugins: Failed to load 'C:/Art Tech Lab/Real-Time-Black-Hole-main/workingFile/Blackhole_ArtTechLab/Black Hole Visualisation/Library/PackageCache/com.stereolabs.zed@52572e132b/SDK/Plugins/x86_64/sl_unitywrapper.dll' with error 'The specified procedure could not be found.
'.
Preloading 1 native plugins for Editor in 13.72 ms.
Mono: successfully reloaded assembly
- Completed reload, in  0.426 seconds
Domain Reload Profiling:
	ReloadAssembly (426ms)
		BeginReloadAssembly (87ms)
			ExecutionOrderSort (0ms)
			DisableScriptedObjects (0ms)
			BackupInstance (0ms)
			ReleaseScriptingObjects (0ms)
			CreateAndSetChildDomain (1ms)
		EndReloadAssembly (262ms)
			LoadAssemblies (86ms)
			RebuildTransferFunctionScriptingTraits (0ms)
			SetupTypeCache (59ms)
			ReleaseScriptCaches (0ms)
			RebuildScriptCaches (13ms)
			SetupLoadedEditorAssemblies (155ms)
				LogAssemblyErrors (0ms)
				InitializePlatformSupportModulesInManaged (6ms)
				SetLoadedEditorAssemblies (0ms)
				RefreshPlugins (63ms)
				BeforeProcessingInitializeOnLoad (1ms)
				ProcessInitializeOnLoadAttributes (61ms)
				ProcessInitializeOnLoadMethodAttributes (25ms)
				AfterProcessingInitializeOnLoad (0ms)
				EditorAssembliesLoaded (0ms)
			ExecutionOrderSort2 (0ms)
			AwakeInstancesAfterBackupRestoration (0ms)
Platform modules already initialized, skipping
Registering precompiled user dll's ...
Registered in 0.018822 seconds.
Begin MonoManager ReloadAssembly
Symbol file LoadedFromMemory doesn't match image C:\Art Tech Lab\Real-Time-Black-Hole-main\workingFile\Blackhole_ArtTechLab\Black Hole Visualisation\Library\PackageCache\com.unity.visualscripting@1.7.8\Editor\VisualScripting.Core\Dependencies\YamlDotNet\Unity.VisualScripting.YamlDotNet.dll
Symbol file LoadedFromMemory doesn't match image C:\Art Tech Lab\Real-Time-Black-Hole-main\workingFile\Blackhole_ArtTechLab\Black Hole Visualisation\Library\PackageCache\com.unity.visualscripting@1.7.8\Editor\VisualScripting.Core\Dependencies\DotNetZip\Unity.VisualScripting.IonicZip.dll
Native extension for WindowsStandalone target not found
Refreshing native plugins compatible for Editor in 49.97 ms, found 4 plugins.
Plugins: Failed to load 'C:/Art Tech Lab/Real-Time-Black-Hole-main/workingFile/Blackhole_ArtTechLab/Black Hole Visualisation/Library/PackageCache/com.stereolabs.zed@52572e132b/SDK/Plugins/x86_64/sl_unitywrapper.dll' with error 'The specified procedure could not be found.
'.
Preloading 1 native plugins for Editor in 13.34 ms.
Package Manager log level set to [2]
Mono: successfully reloaded assembly
- Completed reload, in  0.936 seconds
Domain Reload Profiling:
	ReloadAssembly (936ms)
		BeginReloadAssembly (109ms)
			ExecutionOrderSort (0ms)
			DisableScriptedObjects (3ms)
			BackupInstance (0ms)
			ReleaseScriptingObjects (0ms)
			CreateAndSetChildDomain (14ms)
		EndReloadAssembly (756ms)
			LoadAssemblies (158ms)
			RebuildTransferFunctionScriptingTraits (0ms)
			SetupTypeCache (161ms)
			ReleaseScriptCaches (1ms)
			RebuildScriptCaches (33ms)
			SetupLoadedEditorAssemblies (420ms)
				LogAssemblyErrors (0ms)
				InitializePlatformSupportModulesInManaged (8ms)
				SetLoadedEditorAssemblies (0ms)
				RefreshPlugins (63ms)
				BeforeProcessingInitializeOnLoad (62ms)
				ProcessInitializeOnLoadAttributes (246ms)
				ProcessInitializeOnLoadMethodAttributes (30ms)
				AfterProcessingInitializeOnLoad (9ms)
				EditorAssembliesLoaded (0ms)
			ExecutionOrderSort2 (0ms)
			AwakeInstancesAfterBackupRestoration (5ms)
Platform modules already initialized, skipping
========================================================================
Worker process is ready to serve import requests
Launched and connected shader compiler UnityShaderCompiler.exe after 0.07 seconds
Refreshing native plugins compatible for Editor in 0.90 ms, found 4 plugins.
Plugins: Failed to load 'C:/Art Tech Lab/Real-Time-Black-Hole-main/workingFile/Blackhole_ArtTechLab/Black Hole Visualisation/Library/PackageCache/com.stereolabs.zed@52572e132b/SDK/Plugins/x86_64/sl_unitywrapper.dll' with error 'The specified procedure could not be found.
'.
Preloading 1 native plugins for Editor in 14.19 ms.
Unloading 5538 Unused Serialized files (Serialized files now loaded: 0)
Unloading 42 unused Assets / (0.7 MB). Loaded Objects now: 5994.
Memory consumption went from 224.8 MB to 224.1 MB.
Total: 3.160300 ms (FindLiveObjects: 0.352600 ms CreateObjectMapping: 0.241600 ms MarkObjects: 2.328000 ms  DeleteObjects: 0.237200 ms)

AssetImportParameters requested are different than current active one (requested -> active):
  custom:video-decoder-ogg-theora: a1e56fd34408186e4bbccfd4996cb3dc -> 
  custom:container-muxer-webm: aa71ff27fc2769a1b78a27578f13a17b -> 
  custom:container-demuxer-webm: 4f35f7cbe854078d1ac9338744f61a02 -> 
  custom:video-encoder-webm-vp8: eb34c28f22e8b96e1ab97ce403110664 -> 
  custom:video-codec-MediaFoundation-h265: 746d11721c4dcdbdad8f713fa42b33f4 -> 
  custom:audio-encoder-webm-vorbis: bf7c407c2cedff20999df2af8eb42d56 -> 
  custom:framework-win-MediaFoundation: 216162199b28c13a410421893ffa2e32 -> 
  custom:container-demuxer-ogg: 62fdf1f143b41e24485cea50d1cbac27 -> 
  custom:video-decoder-webm-vp8: 9c59270c3fd7afecdb556c50c9e8de78 -> 
  custom:audio-decoder-ogg-vorbis: bf7c407c2cedff20999df2af8eb42d56 -> 
========================================================================
Received Import Request.
  Time since last request: 1209401.798376 seconds.
  path: Assets/Samples/ZED SDK/5.1.0/Body Tracking/Prefabs/Plane.prefab
  artifactKey: Guid(a8c20579481be8e41a553aa0337494c6) Importer(815301076,1909f56bfc062723c751e8b465ee728b)
Start importing Assets/Samples/ZED SDK/5.1.0/Body Tracking/Prefabs/Plane.prefab using Guid(a8c20579481be8e41a553aa0337494c6) Importer(815301076,1909f56bfc062723c751e8b465ee728b)  -> (artifact id: '0e2de3adfee5c7a7ccb5da73840a90d5') in 0.205540 seconds 
========================================================================
Received Import Request.
  Time since last request: 0.000017 seconds.
  path: Assets/Samples/ZED SDK/5.1.0/Body Tracking/Prefabs/Avatar/YBot_Avatar.prefab
  artifactKey: Guid(33f647073f764014ea539028af802721) Importer(815301076,1909f56bfc062723c751e8b465ee728b)
Start importing Assets/Samples/ZED SDK/5.1.0/Body Tracking/Prefabs/Avatar/YBot_Avatar.prefab using Guid(33f647073f764014ea539028af802721) Importer(815301076,1909f56bfc062723c751e8b465ee728b)  -> (artifact id: 'c5c535605baa5414c205ebb73a7e0263') in 0.034245 seconds 
========================================================================
Received Import Request.
  Time since last request: 0.000021 seconds.
  path: Assets/Samples/ZED SDK/5.1.0/Body Tracking/Models/Unity_fbx.fbx
  artifactKey: Guid(66802e5a34626b24dbef0a7ad7ee47ef) Importer(815301076,1909f56bfc062723c751e8b465ee728b)
Start importing Assets/Samples/ZED SDK/5.1.0/Body Tracking/Models/Unity_fbx.fbx using Guid(66802e5a34626b24dbef0a7ad7ee47ef) Importer(815301076,1909f56bfc062723c751e8b465ee728b)  -> (artifact id: '511f87308cdd940c8d367467812c9370') in 0.293161 seconds 
========================================================================
Received Import Request.
  Time since last request: 0.000036 seconds.
  path: Assets/Samples/ZED SDK/5.1.0/Body Tracking/Models/WhiteMesh_fbx.fbx
  artifactKey: Guid(67534265227a2ed4b9304aceb7d751ba) Importer(815301076,1909f56bfc062723c751e8b465ee728b)
Start importing Assets/Samples/ZED SDK/5.1.0/Body Tracking/Models/WhiteMesh_fbx.fbx using Guid(67534265227a2ed4b9304aceb7d751ba) Importer(815301076,1909f56bfc062723c751e8b465ee728b)  -> (artifact id: '24827b8d358109646ac97611b2a404b8') in 0.732830 seconds 
========================================================================
Received Import Request.
  Time since last request: 0.000025 seconds.
  path: Assets/Samples/ZED SDK/5.1.0/Body Tracking/Prefabs/Avatar/Remy_Avatar.prefab
  artifactKey: Guid(78d7f1109281c7a4ca0cf832618b36c6) Importer(815301076,1909f56bfc062723c751e8b465ee728b)
Start importing Assets/Samples/ZED SDK/5.1.0/Body Tracking/Prefabs/Avatar/Remy_Avatar.prefab using Guid(78d7f1109281c7a4ca0cf832618b36c6) Importer(815301076,1909f56bfc062723c751e8b465ee728b)  -> (artifact id: 'eed9d36081e38843421a8ec1f6051b01') in 0.054984 seconds 
========================================================================
Received Import Request.
  Time since last request: 0.000032 seconds.
  path: Packages/com.unity.xr.legacyinputhelpers/Prefabs/XRRig.prefab
  artifactKey: Guid(c116b7497ab8ca34c9188965d4295e27) Importer(815301076,1909f56bfc062723c751e8b465ee728b)
Start importing Packages/com.unity.xr.legacyinputhelpers/Prefabs/XRRig.prefab using Guid(c116b7497ab8ca34c9188965d4295e27) Importer(815301076,1909f56bfc062723c751e8b465ee728b)  -> (artifact id: '9cea0ed2457223c07397725763b40980') in 0.008974 seconds 
========================================================================
Received Import Request.
  Time since last request: 0.000022 seconds.
  path: Assets/Samples/ZED SDK/5.1.0/Body Tracking/Prefabs/Avatar/Unity_Avatar.prefab
  artifactKey: Guid(bc814fadc039fe94099273e678b5903a) Importer(815301076,1909f56bfc062723c751e8b465ee728b)
Start importing Assets/Samples/ZED SDK/5.1.0/Body Tracking/Prefabs/Avatar/Unity_Avatar.prefab using Guid(bc814fadc039fe94099273e678b5903a) Importer(815301076,1909f56bfc062723c751e8b465ee728b)  -> (artifact id: '79792772471e9683bc198f76ca21c248') in 0.050799 seconds 
========================================================================
Received Prepare
Registering precompiled user dll's ...
Registered in 0.017563 seconds.
Begin MonoManager ReloadAssembly
Symbol file LoadedFromMemory doesn't match image C:\Art Tech Lab\Real-Time-Black-Hole-main\workingFile\Blackhole_ArtTechLab\Black Hole Visualisation\Library\PackageCache\com.unity.visualscripting@1.7.8\Editor\VisualScripting.Core\Dependencies\YamlDotNet\Unity.VisualScripting.YamlDotNet.dll
Symbol file LoadedFromMemory doesn't match image C:\Art Tech Lab\Real-Time-Black-Hole-main\workingFile\Blackhole_ArtTechLab\Black Hole Visualisation\Library\PackageCache\com.unity.visualscripting@1.7.8\Editor\VisualScripting.Core\Dependencies\DotNetZip\Unity.VisualScripting.IonicZip.dll
Native extension for WindowsStandalone target not found
Refreshing native plugins compatible for Editor in 0.78 ms, found 4 plugins.
Plugins: Failed to load 'C:/Art Tech Lab/Real-Time-Black-Hole-main/workingFile/Blackhole_ArtTechLab/Black Hole Visualisation/Library/PackageCache/com.stereolabs.zed@52572e132b/SDK/Plugins/x86_64/sl_unitywrapper.dll' with error 'The specified procedure could not be found.
'.
Preloading 1 native plugins for Editor in 12.50 ms.
Mono: successfully reloaded assembly
- Completed reload, in  0.818 seconds
Domain Reload Profiling:
	ReloadAssembly (818ms)
		BeginReloadAssembly (132ms)
			ExecutionOrderSort (0ms)
			DisableScriptedObjects (3ms)
			BackupInstance (0ms)
			ReleaseScriptingObjects (0ms)
			CreateAndSetChildDomain (31ms)
		EndReloadAssembly (622ms)
			LoadAssemblies (149ms)
			RebuildTransferFunctionScriptingTraits (0ms)
			SetupTypeCache (150ms)
			ReleaseScriptCaches (1ms)
			RebuildScriptCaches (22ms)
			SetupLoadedEditorAssemblies (272ms)
				LogAssemblyErrors (0ms)
				InitializePlatformSupportModulesInManaged (9ms)
				SetLoadedEditorAssemblies (0ms)
				RefreshPlugins (13ms)
				BeforeProcessingInitializeOnLoad (49ms)
				ProcessInitializeOnLoadAttributes (149ms)
				ProcessInitializeOnLoadMethodAttributes (44ms)
				AfterProcessingInitializeOnLoad (7ms)
				EditorAssembliesLoaded (0ms)
			ExecutionOrderSort2 (0ms)
			AwakeInstancesAfterBackupRestoration (13ms)
Platform modules already initialized, skipping
Refreshing native plugins compatible for Editor in 4.08 ms, found 4 plugins.
Plugins: Failed to load 'C:/Art Tech Lab/Real-Time-Black-Hole-main/workingFile/Blackhole_ArtTechLab/Black Hole Visualisation/Library/PackageCache/com.stereolabs.zed@52572e132b/SDK/Plugins/x86_64/sl_unitywrapper.dll' with error 'The specified procedure could not be found.
'.
Preloading 1 native plugins for Editor in 15.02 ms.
Unloading 5383 Unused Serialized files (Serialized files now loaded: 0)
Unloading 31 unused Assets / (0.7 MB). Loaded Objects now: 6087.
Memory consumption went from 224.0 MB to 223.4 MB.
Total: 2.716000 ms (FindLiveObjects: 0.314400 ms CreateObjectMapping: 0.181100 ms MarkObjects: 1.992600 ms  DeleteObjects: 0.226800 ms)

AssetImportParameters requested are different than current active one (requested -> active):
  custom:video-decoder-ogg-theora: a1e56fd34408186e4bbccfd4996cb3dc -> 
  custom:container-muxer-webm: aa71ff27fc2769a1b78a27578f13a17b -> 
  custom:container-demuxer-webm: 4f35f7cbe854078d1ac9338744f61a02 -> 
  custom:video-encoder-webm-vp8: eb34c28f22e8b96e1ab97ce403110664 -> 
  custom:video-codec-MediaFoundation-h265: 746d11721c4dcdbdad8f713fa42b33f4 -> 
  custom:audio-encoder-webm-vorbis: bf7c407c2cedff20999df2af8eb42d56 -> 
  custom:framework-win-MediaFoundation: 216162199b28c13a410421893ffa2e32 -> 
  custom:container-demuxer-ogg: 62fdf1f143b41e24485cea50d1cbac27 -> 
  custom:video-decoder-webm-vp8: 9c59270c3fd7afecdb556c50c9e8de78 -> 
  custom:audio-decoder-ogg-vorbis: bf7c407c2cedff20999df2af8eb42d56 -> 
========================================================================
Received Prepare
Registering precompiled user dll's ...
Registered in 0.016694 seconds.
Begin MonoManager ReloadAssembly
Symbol file LoadedFromMemory doesn't match image C:\Art Tech Lab\Real-Time-Black-Hole-main\workingFile\Blackhole_ArtTechLab\Black Hole Visualisation\Library\PackageCache\com.unity.visualscripting@1.7.8\Editor\VisualScripting.Core\Dependencies\YamlDotNet\Unity.VisualScripting.YamlDotNet.dll
Symbol file LoadedFromMemory doesn't match image C:\Art Tech Lab\Real-Time-Black-Hole-main\workingFile\Blackhole_ArtTechLab\Black Hole Visualisation\Library\PackageCache\com.unity.visualscripting@1.7.8\Editor\VisualScripting.Core\Dependencies\DotNetZip\Unity.VisualScripting.IonicZip.dll
Native extension for WindowsStandalone target not found
Refreshing native plugins compatible for Editor in 0.78 ms, found 4 plugins.
Plugins: Failed to load 'C:/Art Tech Lab/Real-Time-Black-Hole-main/workingFile/Blackhole_ArtTechLab/Black Hole Visualisation/Library/PackageCache/com.stereolabs.zed@52572e132b/SDK/Plugins/x86_64/sl_unitywrapper.dll' with error 'The specified procedure could not be found.
'.
Preloading 1 native plugins for Editor in 12.56 ms.
Mono: successfully reloaded assembly
- Completed reload, in  0.810 seconds
Domain Reload Profiling:
	ReloadAssembly (811ms)
		BeginReloadAssembly (131ms)
			ExecutionOrderSort (0ms)
			DisableScriptedObjects (2ms)
			BackupInstance (0ms)
			ReleaseScriptingObjects (0ms)
			CreateAndSetChildDomain (28ms)
		EndReloadAssembly (615ms)
			LoadAssemblies (149ms)
			RebuildTransferFunctionScriptingTraits (0ms)
			SetupTypeCache (145ms)
			ReleaseScriptCaches (1ms)
			RebuildScriptCaches (21ms)
			SetupLoadedEditorAssemblies (274ms)
				LogAssemblyErrors (0ms)
				InitializePlatformSupportModulesInManaged (9ms)
				SetLoadedEditorAssemblies (0ms)
				RefreshPlugins (13ms)
				BeforeProcessingInitializeOnLoad (49ms)
				ProcessInitializeOnLoadAttributes (150ms)
				ProcessInitializeOnLoadMethodAttributes (44ms)
				AfterProcessingInitializeOnLoad (7ms)
				EditorAssembliesLoaded (0ms)
			ExecutionOrderSort2 (0ms)
			AwakeInstancesAfterBackupRestoration (11ms)
Platform modules already initialized, skipping
Refreshing native plugins compatible for Editor in 4.00 ms, found 4 plugins.
Plugins: Failed to load 'C:/Art Tech Lab/Real-Time-Black-Hole-main/workingFile/Blackhole_ArtTechLab/Black Hole Visualisation/Library/PackageCache/com.stereolabs.zed@52572e132b/SDK/Plugins/x86_64/sl_unitywrapper.dll' with error 'The specified procedure could not be found.
'.
Preloading 1 native plugins for Editor in 15.74 ms.
Unloading 5384 Unused Serialized files (Serialized files now loaded: 0)
Unloading 31 unused Assets / (0.7 MB). Loaded Objects now: 6091.
Memory consumption went from 224.1 MB to 223.4 MB.
Total: 3.180400 ms (FindLiveObjects: 0.312200 ms CreateObjectMapping: 0.146500 ms MarkObjects: 2.474800 ms  DeleteObjects: 0.245900 ms)

AssetImportParameters requested are different than current active one (requested -> active):
  custom:video-decoder-ogg-theora: a1e56fd34408186e4bbccfd4996cb3dc -> 
  custom:container-muxer-webm: aa71ff27fc2769a1b78a27578f13a17b -> 
  custom:container-demuxer-webm: 4f35f7cbe854078d1ac9338744f61a02 -> 
  custom:video-encoder-webm-vp8: eb34c28f22e8b96e1ab97ce403110664 -> 
  custom:video-codec-MediaFoundation-h265: 746d11721c4dcdbdad8f713fa42b33f4 -> 
  custom:audio-encoder-webm-vorbis: bf7c407c2cedff20999df2af8eb42d56 -> 
  custom:framework-win-MediaFoundation: 216162199b28c13a410421893ffa2e32 -> 
  custom:container-demuxer-ogg: 62fdf1f143b41e24485cea50d1cbac27 -> 
  custom:video-decoder-webm-vp8: 9c59270c3fd7afecdb556c50c9e8de78 -> 
  custom:audio-decoder-ogg-vorbis: bf7c407c2cedff20999df2af8eb42d56 -> 
========================================================================
Received Prepare
Registering precompiled user dll's ...
Registered in 0.016051 seconds.
Begin MonoManager ReloadAssembly
Symbol file LoadedFromMemory doesn't match image C:\Art Tech Lab\Real-Time-Black-Hole-main\workingFile\Blackhole_ArtTechLab\Black Hole Visualisation\Library\PackageCache\com.unity.visualscripting@1.7.8\Editor\VisualScripting.Core\Dependencies\YamlDotNet\Unity.VisualScripting.YamlDotNet.dll
Symbol file LoadedFromMemory doesn't match image C:\Art Tech Lab\Real-Time-Black-Hole-main\workingFile\Blackhole_ArtTechLab\Black Hole Visualisation\Library\PackageCache\com.unity.visualscripting@1.7.8\Editor\VisualScripting.Core\Dependencies\DotNetZip\Unity.VisualScripting.IonicZip.dll
Native extension for WindowsStandalone target not found
Refreshing native plugins compatible for Editor in 0.77 ms, found 4 plugins.
Plugins: Failed to load 'C:/Art Tech Lab/Real-Time-Black-Hole-main/workingFile/Blackhole_ArtTechLab/Black Hole Visualisation/Library/PackageCache/com.stereolabs.zed@52572e132b/SDK/Plugins/x86_64/sl_unitywrapper.dll' with error 'The specified procedure could not be found.
'.
Preloading 1 native plugins for Editor in 14.90 ms.
Mono: successfully reloaded assembly
- Completed reload, in  1.520 seconds
Domain Reload Profiling:
	ReloadAssembly (1520ms)
		BeginReloadAssembly (136ms)
			ExecutionOrderSort (0ms)
			DisableScriptedObjects (2ms)
			BackupInstance (0ms)
			ReleaseScriptingObjects (0ms)
			CreateAndSetChildDomain (31ms)
		EndReloadAssembly (1318ms)
			LoadAssemblies (843ms)
			RebuildTransferFunctionScriptingTraits (0ms)
			SetupTypeCache (148ms)
			ReleaseScriptCaches (1ms)
			RebuildScriptCaches (22ms)
			SetupLoadedEditorAssemblies (280ms)
				LogAssemblyErrors (0ms)
				InitializePlatformSupportModulesInManaged (9ms)
				SetLoadedEditorAssemblies (0ms)
				RefreshPlugins (16ms)
				BeforeProcessingInitializeOnLoad (52ms)
				ProcessInitializeOnLoadAttributes (151ms)
				ProcessInitializeOnLoadMethodAttributes (44ms)
				AfterProcessingInitializeOnLoad (8ms)
				EditorAssembliesLoaded (0ms)
			ExecutionOrderSort2 (0ms)
			AwakeInstancesAfterBackupRestoration (11ms)
Platform modules already initialized, skipping
Refreshing native plugins compatible for Editor in 4.59 ms, found 4 plugins.
Plugins: Failed to load 'C:/Art Tech Lab/Real-Time-Black-Hole-main/workingFile/Blackhole_ArtTechLab/Black Hole Visualisation/Library/PackageCache/com.stereolabs.zed@52572e132b/SDK/Plugins/x86_64/sl_unitywrapper.dll' with error 'The specified procedure could not be found.
'.
Preloading 1 native plugins for Editor in 15.85 ms.
Unloading 5384 Unused Serialized files (Serialized files now loaded: 0)
Unloading 31 unused Assets / (0.7 MB). Loaded Objects now: 6095.
Memory consumption went from 224.2 MB to 223.6 MB.
Total: 2.954600 ms (FindLiveObjects: 0.357500 ms CreateObjectMapping: 0.253000 ms MarkObjects: 2.089300 ms  DeleteObjects: 0.254000 ms)

AssetImportParameters requested are different than current active one (requested -> active):
  custom:video-decoder-ogg-theora: a1e56fd34408186e4bbccfd4996cb3dc -> 
  custom:container-muxer-webm: aa71ff27fc2769a1b78a27578f13a17b -> 
  custom:container-demuxer-webm: 4f35f7cbe854078d1ac9338744f61a02 -> 
  custom:video-encoder-webm-vp8: eb34c28f22e8b96e1ab97ce403110664 -> 
  custom:video-codec-MediaFoundation-h265: 746d11721c4dcdbdad8f713fa42b33f4 -> 
  custom:audio-encoder-webm-vorbis: bf7c407c2cedff20999df2af8eb42d56 -> 
  custom:framework-win-MediaFoundation: 216162199b28c13a410421893ffa2e32 -> 
  custom:container-demuxer-ogg: 62fdf1f143b41e24485cea50d1cbac27 -> 
  custom:video-decoder-webm-vp8: 9c59270c3fd7afecdb556c50c9e8de78 -> 
  custom:audio-decoder-ogg-vorbis: bf7c407c2cedff20999df2af8eb42d56 -> 
========================================================================
Received Prepare
Registering precompiled user dll's ...
Registered in 0.017405 seconds.
Begin MonoManager ReloadAssembly
Symbol file LoadedFromMemory doesn't match image C:\Art Tech Lab\Real-Time-Black-Hole-main\workingFile\Blackhole_ArtTechLab\Black Hole Visualisation\Library\PackageCache\com.unity.visualscripting@1.7.8\Editor\VisualScripting.Core\Dependencies\YamlDotNet\Unity.VisualScripting.YamlDotNet.dll
Symbol file LoadedFromMemory doesn't match image C:\Art Tech Lab\Real-Time-Black-Hole-main\workingFile\Blackhole_ArtTechLab\Black Hole Visualisation\Library\PackageCache\com.unity.visualscripting@1.7.8\Editor\VisualScripting.Core\Dependencies\DotNetZip\Unity.VisualScripting.IonicZip.dll
Native extension for WindowsStandalone target not found
Refreshing native plugins compatible for Editor in 0.79 ms, found 4 plugins.
Plugins: Failed to load 'C:/Art Tech Lab/Real-Time-Black-Hole-main/workingFile/Blackhole_ArtTechLab/Black Hole Visualisation/Library/PackageCache/com.stereolabs.zed@52572e132b/SDK/Plugins/x86_64/sl_unitywrapper.dll' with error 'The specified procedure could not be found.
'.
Preloading 1 native plugins for Editor in 12.83 ms.
Mono: successfully reloaded assembly
- Completed reload, in  0.816 seconds
Domain Reload Profiling:
	ReloadAssembly (817ms)
		BeginReloadAssembly (132ms)
			ExecutionOrderSort (0ms)
			DisableScriptedObjects (2ms)
			BackupInstance (0ms)
			ReleaseScriptingObjects (0ms)
			CreateAndSetChildDomain (29ms)
		EndReloadAssembly (619ms)
			LoadAssemblies (151ms)
			RebuildTransferFunctionScriptingTraits (0ms)
			SetupTypeCache (143ms)
			ReleaseScriptCaches (1ms)
			RebuildScriptCaches (22ms)
			SetupLoadedEditorAssemblies (277ms)
				LogAssemblyErrors (0ms)
				InitializePlatformSupportModulesInManaged (9ms)
				SetLoadedEditorAssemblies (0ms)
				RefreshPlugins (14ms)
				BeforeProcessingInitializeOnLoad (51ms)
				ProcessInitializeOnLoadAttributes (151ms)
				ProcessInitializeOnLoadMethodAttributes (44ms)
				AfterProcessingInitializeOnLoad (8ms)
				EditorAssembliesLoaded (0ms)
			ExecutionOrderSort2 (0ms)
			AwakeInstancesAfterBackupRestoration (11ms)
Platform modules already initialized, skipping
Refreshing native plugins compatible for Editor in 3.97 ms, found 4 plugins.
Plugins: Failed to load 'C:/Art Tech Lab/Real-Time-Black-Hole-main/workingFile/Blackhole_ArtTechLab/Black Hole Visualisation/Library/PackageCache/com.stereolabs.zed@52572e132b/SDK/Plugins/x86_64/sl_unitywrapper.dll' with error 'The specified procedure could not be found.
'.
Preloading 1 native plugins for Editor in 13.10 ms.
Unloading 5384 Unused Serialized files (Serialized files now loaded: 0)
Unloading 31 unused Assets / (0.7 MB). Loaded Objects now: 6099.
Memory consumption went from 224.2 MB to 223.6 MB.
Total: 3.607500 ms (FindLiveObjects: 0.337300 ms CreateObjectMapping: 0.186700 ms MarkObjects: 2.818200 ms  DeleteObjects: 0.264300 ms)

AssetImportParameters requested are different than current active one (requested -> active):
  custom:video-decoder-ogg-theora: a1e56fd34408186e4bbccfd4996cb3dc -> 
  custom:container-muxer-webm: aa71ff27fc2769a1b78a27578f13a17b -> 
  custom:container-demuxer-webm: 4f35f7cbe854078d1ac9338744f61a02 -> 
  custom:video-encoder-webm-vp8: eb34c28f22e8b96e1ab97ce403110664 -> 
  custom:video-codec-MediaFoundation-h265: 746d11721c4dcdbdad8f713fa42b33f4 -> 
  custom:audio-encoder-webm-vorbis: bf7c407c2cedff20999df2af8eb42d56 -> 
  custom:framework-win-MediaFoundation: 216162199b28c13a410421893ffa2e32 -> 
  custom:container-demuxer-ogg: 62fdf1f143b41e24485cea50d1cbac27 -> 
  custom:video-decoder-webm-vp8: 9c59270c3fd7afecdb556c50c9e8de78 -> 
  custom:audio-decoder-ogg-vorbis: bf7c407c2cedff20999df2af8eb42d56 -> 
========================================================================
Received Prepare
Registering precompiled user dll's ...
Registered in 0.020891 seconds.
Begin MonoManager ReloadAssembly
Symbol file LoadedFromMemory doesn't match image C:\Art Tech Lab\Real-Time-Black-Hole-main\workingFile\Blackhole_ArtTechLab\Black Hole Visualisation\Library\PackageCache\com.unity.visualscripting@1.7.8\Editor\VisualScripting.Core\Dependencies\YamlDotNet\Unity.VisualScripting.YamlDotNet.dll
Symbol file LoadedFromMemory doesn't match image C:\Art Tech Lab\Real-Time-Black-Hole-main\workingFile\Blackhole_ArtTechLab\Black Hole Visualisation\Library\PackageCache\com.unity.visualscripting@1.7.8\Editor\VisualScripting.Core\Dependencies\DotNetZip\Unity.VisualScripting.IonicZip.dll
Native extension for WindowsStandalone target not found
Refreshing native plugins compatible for Editor in 0.80 ms, found 4 plugins.
Plugins: Failed to load 'C:/Art Tech Lab/Real-Time-Black-Hole-main/workingFile/Blackhole_ArtTechLab/Black Hole Visualisation/Library/PackageCache/com.stereolabs.zed@52572e132b/SDK/Plugins/x86_64/sl_unitywrapper.dll' with error 'The specified procedure could not be found.
'.
Preloading 1 native plugins for Editor in 10.90 ms.
Mono: successfully reloaded assembly
- Completed reload, in  1.506 seconds
Domain Reload Profiling:
	ReloadAssembly (1506ms)
		BeginReloadAssembly (132ms)
			ExecutionOrderSort (0ms)
			DisableScriptedObjects (3ms)
			BackupInstance (0ms)
			ReleaseScriptingObjects (0ms)
			CreateAndSetChildDomain (29ms)
		EndReloadAssembly (1307ms)
			LoadAssemblies (818ms)
			RebuildTransferFunctionScriptingTraits (0ms)
			SetupTypeCache (148ms)
			ReleaseScriptCaches (2ms)
			RebuildScriptCaches (23ms)
			SetupLoadedEditorAssemblies (284ms)
				LogAssemblyErrors (0ms)
				InitializePlatformSupportModulesInManaged (9ms)
				SetLoadedEditorAssemblies (0ms)
				RefreshPlugins (12ms)
				BeforeProcessingInitializeOnLoad (51ms)
				ProcessInitializeOnLoadAttributes (156ms)
				ProcessInitializeOnLoadMethodAttributes (45ms)
				AfterProcessingInitializeOnLoad (10ms)
				EditorAssembliesLoaded (0ms)
			ExecutionOrderSort2 (0ms)
			AwakeInstancesAfterBackupRestoration (12ms)
Platform modules already initialized, skipping
Refreshing native plugins compatible for Editor in 3.57 ms, found 4 plugins.
Plugins: Failed to load 'C:/Art Tech Lab/Real-Time-Black-Hole-main/workingFile/Blackhole_ArtTechLab/Black Hole Visualisation/Library/PackageCache/com.stereolabs.zed@52572e132b/SDK/Plugins/x86_64/sl_unitywrapper.dll' with error 'The specified procedure could not be found.
'.
Preloading 1 native plugins for Editor in 10.69 ms.
Unloading 5384 Unused Serialized files (Serialized files now loaded: 0)
Unloading 31 unused Assets / (0.7 MB). Loaded Objects now: 6103.
Memory consumption went from 224.3 MB to 223.6 MB.
Total: 2.764900 ms (FindLiveObjects: 0.321400 ms CreateObjectMapping: 0.186000 ms MarkObjects: 2.023400 ms  DeleteObjects: 0.233200 ms)

AssetImportParameters requested are different than current active one (requested -> active):
  custom:video-decoder-ogg-theora: a1e56fd34408186e4bbccfd4996cb3dc -> 
  custom:container-muxer-webm: aa71ff27fc2769a1b78a27578f13a17b -> 
  custom:container-demuxer-webm: 4f35f7cbe854078d1ac9338744f61a02 -> 
  custom:video-encoder-webm-vp8: eb34c28f22e8b96e1ab97ce403110664 -> 
  custom:video-codec-MediaFoundation-h265: 746d11721c4dcdbdad8f713fa42b33f4 -> 
  custom:audio-encoder-webm-vorbis: bf7c407c2cedff20999df2af8eb42d56 -> 
  custom:framework-win-MediaFoundation: 216162199b28c13a410421893ffa2e32 -> 
  custom:container-demuxer-ogg: 62fdf1f143b41e24485cea50d1cbac27 -> 
  custom:video-decoder-webm-vp8: 9c59270c3fd7afecdb556c50c9e8de78 -> 
  custom:audio-decoder-ogg-vorbis: bf7c407c2cedff20999df2af8eb42d56 -> 
========================================================================
Received Prepare
Registering precompiled user dll's ...
Registered in 0.018162 seconds.
Begin MonoManager ReloadAssembly
Symbol file LoadedFromMemory doesn't match image C:\Art Tech Lab\Real-Time-Black-Hole-main\workingFile\Blackhole_ArtTechLab\Black Hole Visualisation\Library\PackageCache\com.unity.visualscripting@1.7.8\Editor\VisualScripting.Core\Dependencies\YamlDotNet\Unity.VisualScripting.YamlDotNet.dll
Symbol file LoadedFromMemory doesn't match image C:\Art Tech Lab\Real-Time-Black-Hole-main\workingFile\Blackhole_ArtTechLab\Black Hole Visualisation\Library\PackageCache\com.unity.visualscripting@1.7.8\Editor\VisualScripting.Core\Dependencies\DotNetZip\Unity.VisualScripting.IonicZip.dll
Native extension for WindowsStandalone target not found
Refreshing native plugins compatible for Editor in 0.81 ms, found 4 plugins.
Plugins: Failed to load 'C:/Art Tech Lab/Real-Time-Black-Hole-main/workingFile/Blackhole_ArtTechLab/Black Hole Visualisation/Library/PackageCache/com.stereolabs.zed@52572e132b/SDK/Plugins/x86_64/sl_unitywrapper.dll' with error 'The specified procedure could not be found.
'.
Preloading 1 native plugins for Editor in 10.29 ms.
Mono: successfully reloaded assembly
- Completed reload, in  0.822 seconds
Domain Reload Profiling:
	ReloadAssembly (822ms)
		BeginReloadAssembly (132ms)
			ExecutionOrderSort (0ms)
			DisableScriptedObjects (2ms)
			BackupInstance (0ms)
			ReleaseScriptingObjects (0ms)
			CreateAndSetChildDomain (28ms)
		EndReloadAssembly (621ms)
			LoadAssemblies (156ms)
			RebuildTransferFunctionScriptingTraits (0ms)
			SetupTypeCache (142ms)
			ReleaseScriptCaches (1ms)
			RebuildScriptCaches (22ms)
			SetupLoadedEditorAssemblies (274ms)
				LogAssemblyErrors (0ms)
				InitializePlatformSupportModulesInManaged (9ms)
				SetLoadedEditorAssemblies (0ms)
				RefreshPlugins (11ms)
				BeforeProcessingInitializeOnLoad (51ms)
				ProcessInitializeOnLoadAttributes (152ms)
				ProcessInitializeOnLoadMethodAttributes (44ms)
				AfterProcessingInitializeOnLoad (8ms)
				EditorAssembliesLoaded (0ms)
			ExecutionOrderSort2 (0ms)
			AwakeInstancesAfterBackupRestoration (11ms)
Platform modules already initialized, skipping
Refreshing native plugins compatible for Editor in 3.53 ms, found 4 plugins.
Plugins: Failed to load 'C:/Art Tech Lab/Real-Time-Black-Hole-main/workingFile/Blackhole_ArtTechLab/Black Hole Visualisation/Library/PackageCache/com.stereolabs.zed@52572e132b/SDK/Plugins/x86_64/sl_unitywrapper.dll' with error 'The specified procedure could not be found.
'.
Preloading 1 native plugins for Editor in 9.39 ms.
Unloading 5384 Unused Serialized files (Serialized files now loaded: 0)
Unloading 31 unused Assets / (0.7 MB). Loaded Objects now: 6107.
Memory consumption went from 224.3 MB to 223.6 MB.
Total: 3.740500 ms (FindLiveObjects: 0.321900 ms CreateObjectMapping: 0.169600 ms MarkObjects: 2.994900 ms  DeleteObjects: 0.253200 ms)

AssetImportParameters requested are different than current active one (requested -> active):
  custom:video-decoder-ogg-theora: a1e56fd34408186e4bbccfd4996cb3dc -> 
  custom:container-muxer-webm: aa71ff27fc2769a1b78a27578f13a17b -> 
  custom:container-demuxer-webm: 4f35f7cbe854078d1ac9338744f61a02 -> 
  custom:video-encoder-webm-vp8: eb34c28f22e8b96e1ab97ce403110664 -> 
  custom:video-codec-MediaFoundation-h265: 746d11721c4dcdbdad8f713fa42b33f4 -> 
  custom:audio-encoder-webm-vorbis: bf7c407c2cedff20999df2af8eb42d56 -> 
  custom:framework-win-MediaFoundation: 216162199b28c13a410421893ffa2e32 -> 
  custom:container-demuxer-ogg: 62fdf1f143b41e24485cea50d1cbac27 -> 
  custom:video-decoder-webm-vp8: 9c59270c3fd7afecdb556c50c9e8de78 -> 
  custom:audio-decoder-ogg-vorbis: bf7c407c2cedff20999df2af8eb42d56 -> 
